------------------------------------------
M.U.G.E.N ver 1.00 (2011.01.18) status log
------------------------------------------
Parsing command line...
Command line: D:\Decele16\Downloads\mugen\mugen\upfs.exe
Parse command line OK
Initializing...
Allocating game variables
Reading configuration file...OK
Initializing timer...performance timer enabled...frequency 2343754...OK
Initializing keyboard...configuring...OK
Initializing input engine...OK
Initializing sound...Using SDL audio driver: dsound
Requesting mixer parameters (44100, 16, 2, 2048)...
Opened mixer with parameters (44100, 16, 2, 2048)...
OK
Initializing BGM...BGMThreadInit returned 0
OK
Initializing graphics...gameCoord 1280x720...render mode 0_2...trying 1280x720x16 mode 0x0...success...OK
Setting callbacks...OK
Initializing font...OK
Initializing game variables...OK
Loading system fonts...OK
Loading options...
Initializing pads...failed
Reinitializing input engine...OK
Remapping keys...OK
Reinitializing input engine...OK
Options loaded OK
Loading system...
  Load system file system.def...OK
  Load system spr...OK
  Load system snd...OK
  Load system fonts...OK
  Load system anim...OK
  Load [Title Info]...OK
  Load [Option Info]...OK
  Load [Select Info]...OK
  Load [VS Screen]...OK
  Load [Victory Screen]...OK
  Load [Demo Mode]...OK
  Load [Continue Screen]...OK
  Load [Game Over Screen]...OK
  Load [Win Screen]...OK
  Load [Survival Results Screen]...OK
  Load [Default Ending]...OK
  Load [End Credits]...OK
  Load TitleBG...VersusBG...VictoryBG...SelectBG...OptionBG...OK
  Loading fight data
    Opening fight data file data/mugen1/fight.def...OK
    Reading [Files]...OK
    Loading fonts...OK
    Load fight anim...OK
    Reading [Lifebar]...[Turns Lifebar]...[Simul Lifebar]...[Powerbar]...
    [Face]...[Simul Face]...[Turns Face]...
    [Name]...[Simul Name]...[Turns Name]...
    [Time]...[Combo]...[Round]...[WinIcon]...OK
    Allocating explods...OK
  Fight data loaded OK
System loaded OK
Initialize OK
Set up graphics...timer...OK
Initializing character info...OK
Initializing select screen...finding characters...OK

Entering main loop
Entering character select.
attempting load and start...attempting load of sound/title.mp3...hooking mixer callback...
success!
starting BGM...
attempting load and start...attempting load of sound/select.mp3...success!
starting BGM...
Entering character select.
attempting load and start...attempting load of sound/title.mp3...success!
starting BGM...
Options Screen
Config keys menu
Setting up input
Remapping keys...OK
Reinitializing input engine...OK
Return from config keys menu
Return from Options Screen
attempting load and start...attempting load of sound/select.mp3...success!
starting BGM...
Entering character select.
attempting load and start...attempting load of sound/title.mp3...success!
starting BGM...
Options Screen
Config keys menu
Setting up input
Remapping keys...OK
Reinitializing input engine...OK
Return from config keys menu
Return from Options Screen
attempting load and start...attempting load of sound/select.mp3...success!
starting BGM...
Loading character chars/Ubu/Ubu.def...
  Loading info...OK
  Loading cmd command set UBU.cmd...OK
  Loading cns UBU.cns...OK
  Loading cns PALONZO.cns...OK
  Loading cmd state entry UBU.cmd...OK
  Loading common states common1.cns...OK
  Unloading command names...OK
  Loading sff UBU.sff...OK
  Loading anim UBU.air...OK
  Loading snd UBU.snd...OK
  Loading pals...(1,1)(1,2)(1,3)(1,4)(1,5)(1,6)OK
  SFF v1.01 palette hack engaged.
  11503 expressions (3616 on trigger lines)
Character Ubu.def loaded OK
Loading character chars/NickFury\NickFury.def...
  Loading info...OK
  Loading cmd command set NickFury.cmd...OK
  Loading cns NickFury.cns...OK
  Loading cns specials.st...OK
  Loading cns hypers.st...OK
  Loading cns overrides.st...OK
  Loading cmd state entry NickFury.cmd...OK
  Loading common states common1.cns...OK
  Unloading command names...OK
  Loading sff NickFury.sff...OK
  Loading anim NickFury.air...OK
  Loading snd NickFury.snd...OK
  Loading pals...(1,1)(1,2)(1,3)(1,4)(1,5)(1,6)(1,7)(1,8)OK
  SFF v1.01 palette hack engaged.
  4737 expressions (1429 on trigger lines)
Character NickFury.def loaded OK
attempting load and start...attempting load of sound/versus.wav...playback system not found for sound/versus.wav!success!
starting BGM...
Initializing stage...
  Loading BG...OK
  Allocating helpers...OK
Stage initialized OK
Start of game loop
End of game loop
Total time: 103.57s
Total frames: 6172 	Skipped frames: 138
Avg game rate: 59.59
Avg frame rate: 58.26

attempting load and start...attempting load of sound/select.mp3...success!
starting BGM...
Loading character chars/Diana Diamond XI\Diana Diamond XI.def...
  Loading info...OK
  Loading cmd command set Diana.cmd...OK
  Loading cns Diana.cns...OK
  Loading cmd state entry Diana.cmd...OK
  Loading common states common1.cns...OK
  Unloading command names...OK
  Loading sff Diana.sff...OK
  Loading anim Diana.air...OK
  Loading snd Diana.snd...OK
  Loading pals...(1,1)(1,2)(1,3)(1,4)(1,5)(1,6)(1,7)(1,8)(1,9)OK
  SFF v1.01 palette hack engaged.
  10578 expressions (3153 on trigger lines)
Character Diana Diamond XI.def loaded OK
Entering character select.
attempting load and start...attempting load of sound/title.mp3...success!
starting BGM...
attempting load and start...attempting load of sound/select.mp3...success!
starting BGM...
Entering character select.
attempting load and start...attempting load of sound/title.mp3...success!
starting BGM...
attempting load and start...attempting load of sound/select.mp3...success!
starting BGM...
Entering character select.
attempting load and start...attempting load of sound/title.mp3...success!
starting BGM...
attempting load and start...attempting load of sound/select.mp3...success!
starting BGM...
attempting load and start...attempting load of sound/versus.wav...playback system not found for sound/versus.wav!success!
starting BGM...
Initializing stage...
  Loading BG...OK
  Allocating helpers...OK
Stage initialized OK
Start of game loop
End of game loop
Total time: 134.99s
Total frames: 8095 	Skipped frames: 368
Avg game rate: 59.97
Avg frame rate: 57.24

attempting load and start...no BGM...attempting load and start...attempting load of sound/select.mp3...success!
starting BGM...
attempting load and start...attempting load of sound/versus.wav...playback system not found for sound/versus.wav!success!
starting BGM...
Initializing stage...
  Loading BG...OK
  Allocating helpers...OK
Stage initialized OK
Start of game loop
End of game loop
Total time: 103.31s
Total frames: 6195 	Skipped frames: 295
Avg game rate: 59.97
Avg frame rate: 57.11

attempting load and start...no BGM...attempting load and start...attempting load of sound/select.mp3...success!
starting BGM...
Loading character chars/Neige Diamond XI\Neige Diamond XI.def...
  Loading info...OK
  Loading cmd command set Neige_Pebble.cmd...OK
  Loading cns Neige_Pebble.cns...OK
  Loading cns Neige_Pebble_S.cns...OK
  Loading cns Neige_Pebble_H.cns...OK
  Loading cns Neige_Pebble_L.cns...OK
  Loading cns helper.cns...OK
  Loading cns helper.cns...OK
  Loading cmd state entry Neige_Pebble.cmd...OK
  Loading common states common.cns...OK
  Unloading command names...OK
  Loading sff Neige_Pebble.sff...OK
  Loading anim Neige_Pebble.air...OK
  Loading snd Neige_Pebble.snd...OK
  Loading pals...(1,1)(1,2)(1,3)(1,4)(1,5)(1,6)(1,7)(1,8)(1,9)(1,10)(1,11)(1,12)OK
  SFF v1.01 palette hack engaged.
  10557 expressions (2594 on trigger lines)
Character Neige Diamond XI.def loaded OK
attempting load and start...attempting load of sound/versus.wav...playback system not found for sound/versus.wav!success!
starting BGM...
Initializing stage...
  Loading BG...OK
  Allocating helpers...OK
Stage initialized OK
Start of game loop
End of game loop
Total time: 70.35s
Total frames: 4216 	Skipped frames: 399
Avg game rate: 59.93
Avg frame rate: 54.26

attempting load and start...no BGM...attempting load and start...attempting load of sound/select.mp3...success!
starting BGM...
Entering character select.
attempting load and start...attempting load of sound/title.mp3...success!
starting BGM...
attempting load and start...attempting load of sound/select.mp3...success!
starting BGM...
attempting load and start...attempting load of sound/versus.wav...playback system not found for sound/versus.wav!success!
starting BGM...
Initializing stage...
  Loading BG...OK
  Allocating helpers...OK
Stage initialized OK
Start of game loop
End of game loop
Total time: 199.34s
Total frames: 11956 	Skipped frames: 654
Avg game rate: 59.98
Avg frame rate: 56.70

attempting load and start...no BGM...attempting load and start...attempting load of sound/select.mp3...success!
starting BGM...
Entering character select.
attempting load and start...attempting load of sound/title.mp3...success!
starting BGM...
attempting load and start...attempting load of sound/select.mp3...success!
starting BGM...
Entering character select.
attempting load and start...attempting load of sound/title.mp3...success!
starting BGM...
attempting load and start...attempting load of sound/select.mp3...success!
starting BGM...
Entering character select.
attempting load and start...attempting load of sound/title.mp3...success!
starting BGM...
attempting load and start...attempting load of sound/select.mp3...success!
starting BGM...
Entering character select.
attempting load and start...attempting load of sound/title.mp3...success!
starting BGM...
attempting load and start...attempting load of sound/select.mp3...success!
starting BGM...
attempting load and start...attempting load of sound/versus.wav...playback system not found for sound/versus.wav!success!
starting BGM...
Initializing stage...
  Loading BG...OK
  Allocating helpers...OK
Stage initialized OK
Start of game loop
End of game loop
Total time: 150.18s
Total frames: 8992 	Skipped frames: 857
Avg game rate: 59.87
Avg frame rate: 54.17

Start of game loop
End of game loop
Total time: 2.64s
Total frames: 159 	Skipped frames: 0
Avg game rate: 60.23
Avg frame rate: 60.23

Entering character select.
attempting load and start...attempting load of sound/title.mp3...success!
starting BGM...
attempting load and start...attempting load of sound/select.mp3...success!
starting BGM...
Entering character select.
attempting load and start...attempting load of sound/title.mp3...success!
starting BGM...
attempting load and start...attempting load of sound/select.mp3...success!
starting BGM...
Entering character select.
attempting load and start...attempting load of sound/title.mp3...success!
starting BGM...
attempting load and start...attempting load of sound/select.mp3...success!
starting BGM...
attempting load and start...attempting load of sound/versus.wav...playback system not found for sound/versus.wav!success!
starting BGM...
Initializing stage...
  Loading BG...OK
  Allocating helpers...OK
Stage initialized OK
Start of game loop
End of game loop
Total time: 80.42s
Total frames: 4820 	Skipped frames: 432
Avg game rate: 59.94
Avg frame rate: 54.56

Start of game loop
End of game loop
Total time: 2.10s
Total frames: 124 	Skipped frames: 1
Avg game rate: 59.05
Avg frame rate: 58.57

Entering character select.
attempting load and start...attempting load of sound/title.mp3...success!
starting BGM...
attempting load and start...attempting load of sound/select.mp3...success!
starting BGM...
Entering character select.
attempting load and start...attempting load of sound/title.mp3...success!
starting BGM...
attempting load and start...attempting load of sound/select.mp3...success!
starting BGM...
attempting load and start...attempting load of sound/versus.wav...playback system not found for sound/versus.wav!success!
starting BGM...
Initializing stage...
  Loading BG...OK
  Allocating helpers...OK
Stage initialized OK
Start of game loop
End of game loop
Total time: 21.31s
Total frames: 1277 	Skipped frames: 117
Avg game rate: 59.92
Avg frame rate: 54.43

Start of game loop
End of game loop
Total time: 0.93s
Total frames: 56 	Skipped frames: 0
Avg game rate: 60.22
Avg frame rate: 60.22

Entering character select.
attempting load and start...attempting load of sound/title.mp3...success!
starting BGM...
attempting load and start...attempting load of sound/select.mp3...success!
starting BGM...
attempting load and start...attempting load of sound/versus.wav...playback system not found for sound/versus.wav!success!
starting BGM...
Initializing stage...
  Loading BG...OK
  Allocating helpers...OK
Stage initialized OK
Start of game loop
End of game loop
Total time: 16.63s
Total frames: 996 	Skipped frames: 89
Avg game rate: 59.89
Avg frame rate: 54.54

Entering character select.
attempting load and start...attempting load of sound/title.mp3...success!
starting BGM...
attempting load and start...attempting load of sound/select.mp3...success!
starting BGM...
attempting load and start...attempting load of sound/versus.wav...playback system not found for sound/versus.wav!success!
starting BGM...
Initializing stage...
  Loading BG...OK
  Allocating helpers...OK
Stage initialized OK
Start of game loop
End of game loop
Total time: 180.95s
Total frames: 10845 	Skipped frames: 392
Avg game rate: 59.93
Avg frame rate: 57.77

Start of game loop
End of game loop
Total time: 5.17s
Total frames: 310 	Skipped frames: 0
Avg game rate: 59.96
Avg frame rate: 59.96

Entering character select.
attempting load and start...attempting load of sound/title.mp3...success!
starting BGM...
attempting load and start...attempting load of sound/select.mp3...success!
starting BGM...
Entering character select.
attempting load and start...attempting load of sound/title.mp3...success!
starting BGM...
attempting load and start...attempting load of sound/select.mp3...success!
starting BGM...
attempting load and start...attempting load of sound/versus.wav...playback system not found for sound/versus.wav!success!
starting BGM...
Initializing stage...
  Loading BG...OK
  Allocating helpers...OK
Stage initialized OK
Start of game loop
End of game loop
Total time: 140.49s
Total frames: 8420 	Skipped frames: 913
Avg game rate: 59.93
Avg frame rate: 53.43

Entering character select.
attempting load and start...attempting load of sound/title.mp3...success!
starting BGM...
Returned from main loop
Deinitializing...
Frames      : 72633
Time elapsed: 3258.090 sec
ticks: 325809, tps: 100, start 77, end 325886

Clearing player cache...OK
Freeing character info...OK
Freeing select screen...OK
Freeing fight data...OK
Freeing system data...OK
Freeing game variables...OK
Deinitializing input...pad...keyboard...OK
Removing callbacks...OK
Deintializing timer...OK
Deinitializing graphics...OK
Deinitializing BGM...Cleaning up mixer callback...unhooking mixer callback...

Mixer callback was entered 70157 times
Mixer callback timing stats (last 70157 calls):
	2.000000 median, 2.921191 avg, 4.274510 sample std. dev.
Top 10 slowest times:	269 (1), 208 (1), 178 (3), 152 (1), 143 (1), 130 (2), 109 (3), 108 (1), 97 (1), 96 (1)
Top 10 fastest times:	1 (4998), 2 (36278), 3 (21167), 4 (4561), 5 (1044), 6 (496), 7 (326), 8 (152), 9 (89), 10 (74)
OK
Deinitializing sound...OK
Successful program termination.

Log file successfully closed.
